app/build/outputs/logs/manifest-merger-debug-report.txt
-- Merging decision tree log ---
manifest
ADDED from src/main/AndroidManifest.xml:2:1-114:12
	package
		ADDED from src/main/AndroidManifest.xml:3:5-41
		INJECTED from src/main/AndroidManifest.xml
		INJECTED from src/main/AndroidManifest.xml
	android:versionName
		ADDED from src/main/AndroidManifest.xml:5:5-30
		INJECTED from src/main/AndroidManifest.xml
		INJECTED from src/main/AndroidManifest.xml
	android:versionCode
		ADDED from src/main/AndroidManifest.xml:4:5-28
		INJECTED from src/main/AndroidManifest.xml
		INJECTED from src/main/AndroidManifest.xml
	xmlns:android
		ADDED from src/main/AndroidManifest.xml:2:11-69
uses-sdk
ADDED from src/main/AndroidManifest.xml:7:5-9:41
MERGED from [com.android.support:appcompat-v7:23.0.0] AndroidManifest.xml:20:5-43
MERGED from [com.android.support:support-v4:23.0.0] AndroidManifest.xml:20:5-43
	android:targetSdkVersion
		ADDED from src/main/AndroidManifest.xml:9:9-38
		INJECTED from src/main/AndroidManifest.xml
		INJECTED from src/main/AndroidManifest.xml
	android:minSdkVersion
		ADDED from src/main/AndroidManifest.xml:8:9-34
		INJECTED from src/main/AndroidManifest.xml
		INJECTED from src/main/AndroidManifest.xml
uses-permission#android.permission.ACCESS_COARSE_LOCATION
ADDED from src/main/AndroidManifest.xml:11:5-81
	android:name
		ADDED from src/main/AndroidManifest.xml:11:22-78
uses-permission#android.permission.ACCESS_NETWORK_STATE
ADDED from src/main/AndroidManifest.xml:12:5-79
	android:name
		ADDED from src/main/AndroidManifest.xml:12:22-76
uses-permission#android.permission.ACCESS_FINE_LOCATION
ADDED from src/main/AndroidManifest.xml:13:5-79
	android:name
		ADDED from src/main/AndroidManifest.xml:13:22-76
uses-permission#android.permission.INTERNET
ADDED from src/main/AndroidManifest.xml:14:5-67
	android:name
		ADDED from src/main/AndroidManifest.xml:14:22-64
uses-permission#android.permission.READ_PHONE_STATE
ADDED from src/main/AndroidManifest.xml:15:5-75
	android:name
		ADDED from src/main/AndroidManifest.xml:15:22-72
uses-permission#android.permission.WRITE_EXTERNAL_STORAGE
ADDED from src/main/AndroidManifest.xml:16:5-81
	android:name
		ADDED from src/main/AndroidManifest.xml:16:22-78
uses-permission#android.permission.BLUETOOTH
ADDED from src/main/AndroidManifest.xml:18:5-68
	android:name
		ADDED from src/main/AndroidManifest.xml:18:22-65
uses-permission#android.permission.MOUNT_UNMOUNT_FILESYSTEMS
ADDED from src/main/AndroidManifest.xml:20:5-84
	android:name
		ADDED from src/main/AndroidManifest.xml:20:22-81
uses-permission#android.permission.CLEAR_APP_CACHE
ADDED from src/main/AndroidManifest.xml:21:5-74
	android:name
		ADDED from src/main/AndroidManifest.xml:21:22-71
application
ADDED from src/main/AndroidManifest.xml:23:5-112:19
MERGED from [com.android.support:appcompat-v7:23.0.0] AndroidManifest.xml:22:5-20
MERGED from [com.android.support:support-v4:23.0.0] AndroidManifest.xml:22:5-20
	android:label
		ADDED from src/main/AndroidManifest.xml:26:9-41
	android:allowBackup
		ADDED from src/main/AndroidManifest.xml:24:9-35
	android:icon
		ADDED from src/main/AndroidManifest.xml:25:9-41
	android:theme
		ADDED from src/main/AndroidManifest.xml:27:9-40
	android:name
		ADDED from src/main/AndroidManifest.xml:28:9-48
activity#com.aceplus.myanmar_padauk.LoginActivity
ADDED from src/main/AndroidManifest.xml:29:9-38:20
	android:screenOrientation
		ADDED from src/main/AndroidManifest.xml:32:13-50
	android:label
		ADDED from src/main/AndroidManifest.xml:31:13-45
	android:name
		ADDED from src/main/AndroidManifest.xml:30:13-42
intent-filter#android.intent.action.MAIN+android.intent.category.LAUNCHER
ADDED from src/main/AndroidManifest.xml:33:13-37:29
action#android.intent.action.MAIN
ADDED from src/main/AndroidManifest.xml:34:17-69
	android:name
		ADDED from src/main/AndroidManifest.xml:34:25-66
category#android.intent.category.LAUNCHER
ADDED from src/main/AndroidManifest.xml:36:17-77
	android:name
		ADDED from src/main/AndroidManifest.xml:36:27-74
activity#com.aceplus.myanmar_padauk.HomeActivity
ADDED from src/main/AndroidManifest.xml:39:9-43:20
	android:screenOrientation
		ADDED from src/main/AndroidManifest.xml:42:13-50
	android:label
		ADDED from src/main/AndroidManifest.xml:41:13-65
	android:name
		ADDED from src/main/AndroidManifest.xml:40:13-41
activity#com.aceplus.myanmar_padauk.CustomerActivity
ADDED from src/main/AndroidManifest.xml:44:9-48:20
	android:screenOrientation
		ADDED from src/main/AndroidManifest.xml:47:13-50
	android:label
		ADDED from src/main/AndroidManifest.xml:46:13-60
	android:name
		ADDED from src/main/AndroidManifest.xml:45:13-45
activity#com.aceplus.myanmar_padauk.package_sale.PackageSaleActivity
ADDED from src/main/AndroidManifest.xml:49:9-53:20
	android:screenOrientation
		ADDED from src/main/AndroidManifest.xml:52:13-50
	android:label
		ADDED from src/main/AndroidManifest.xml:51:13-64
	android:name
		ADDED from src/main/AndroidManifest.xml:50:13-61
activity#com.aceplus.myanmar_padauk.package_sale.PackageSaleCheckoutActivity
ADDED from src/main/AndroidManifest.xml:54:9-58:20
	android:screenOrientation
		ADDED from src/main/AndroidManifest.xml:57:13-50
	android:label
		ADDED from src/main/AndroidManifest.xml:56:13-73
	android:name
		ADDED from src/main/AndroidManifest.xml:55:13-69
activity#com.aceplus.myanmar_padauk.package_sale.PackageSalePrint
ADDED from src/main/AndroidManifest.xml:59:9-63:20
	android:screenOrientation
		ADDED from src/main/AndroidManifest.xml:62:13-50
	android:label
		ADDED from src/main/AndroidManifest.xml:61:13-70
	android:name
		ADDED from src/main/AndroidManifest.xml:60:13-58
activity#com.aceplus.myanmar_padauk.general_sale.GeneralSaleActivity
ADDED from src/main/AndroidManifest.xml:64:9-68:20
	android:screenOrientation
		ADDED from src/main/AndroidManifest.xml:67:13-50
	android:label
		ADDED from src/main/AndroidManifest.xml:66:13-64
	android:name
		ADDED from src/main/AndroidManifest.xml:65:13-61
activity#com.aceplus.myanmar_padauk.general_sale.GeneralSaleCheckoutActivity
ADDED from src/main/AndroidManifest.xml:69:9-73:20
	android:screenOrientation
		ADDED from src/main/AndroidManifest.xml:72:13-50
	android:label
		ADDED from src/main/AndroidManifest.xml:71:13-73
	android:name
		ADDED from src/main/AndroidManifest.xml:70:13-69
activity#com.aceplus.myanmar_padauk.general_sale.GeneralSalePrintActivity
ADDED from src/main/AndroidManifest.xml:74:9-78:20
	android:screenOrientation
		ADDED from src/main/AndroidManifest.xml:77:13-50
	android:label
		ADDED from src/main/AndroidManifest.xml:76:13-70
	android:name
		ADDED from src/main/AndroidManifest.xml:75:13-66
activity#com.aceplus.myanmar_padauk.DataDownloadActivity
ADDED from src/main/AndroidManifest.xml:79:9-83:20
	android:screenOrientation
		ADDED from src/main/AndroidManifest.xml:82:13-50
	android:label
		ADDED from src/main/AndroidManifest.xml:81:13-65
	android:name
		ADDED from src/main/AndroidManifest.xml:80:13-49
activity#com.aceplus.myanmar_padauk.report.ReportHomeActivity
ADDED from src/main/AndroidManifest.xml:84:9-88:20
	android:screenOrientation
		ADDED from src/main/AndroidManifest.xml:87:13-50
	android:label
		ADDED from src/main/AndroidManifest.xml:86:13-63
	android:name
		ADDED from src/main/AndroidManifest.xml:85:13-54
activity#com.aceplus.myanmar_padauk.AddNewCustomerActivity
ADDED from src/main/AndroidManifest.xml:89:9-93:20
	android:screenOrientation
		ADDED from src/main/AndroidManifest.xml:92:13-50
	android:label
		ADDED from src/main/AndroidManifest.xml:91:13-68
	android:name
		ADDED from src/main/AndroidManifest.xml:90:13-51
activity#com.aceplus.myanmar_padauk.delivery.DeliveryActivity
ADDED from src/main/AndroidManifest.xml:94:9-98:20
	android:screenOrientation
		ADDED from src/main/AndroidManifest.xml:97:13-50
	android:label
		ADDED from src/main/AndroidManifest.xml:96:13-60
	android:name
		ADDED from src/main/AndroidManifest.xml:95:13-54
activity#com.aceplus.myanmar_padauk.item_volume_dis_sale.ItemVolumeDisSaleActivity
ADDED from src/main/AndroidManifest.xml:101:9-105:20
	android:screenOrientation
		ADDED from src/main/AndroidManifest.xml:104:13-50
	android:label
		ADDED from src/main/AndroidManifest.xml:103:13-64
	android:name
		ADDED from src/main/AndroidManifest.xml:102:13-75
activity#com.aceplus.myanmar_padauk.item_volume_dis_sale.ItemVolumeDisSaleCheckoutActivity
ADDED from src/main/AndroidManifest.xml:107:9-111:20
	android:screenOrientation
		ADDED from src/main/AndroidManifest.xml:110:13-50
	android:label
		ADDED from src/main/AndroidManifest.xml:109:13-64
	android:name
		ADDED from src/main/AndroidManifest.xml:108:13-83